app/build/outputs/mapping/release/seeds.txt
es.esy.pskovbus.pskovbus.ListStopActivity
es.esy.pskovbus.pskovbus.ListStopActivity: ListStopActivity()
es.esy.pskovbus.pskovbus.ListStopActivity: void onClick(android.view.View)
es.esy.pskovbus.pskovbus.MainActivity
es.esy.pskovbus.pskovbus.MainActivity: MainActivity()
es.esy.pskovbus.pskovbus.MainActivity: void onClick(android.view.View)
es.esy.pskovbus.pskovbus.MapsActivity
es.esy.pskovbus.pskovbus.MapsActivity: MapsActivity()
es.esy.pskovbus.pskovbus.R$anim: int abc_fade_in
es.esy.pskovbus.pskovbus.R$anim: int abc_fade_out
es.esy.pskovbus.pskovbus.R$anim: int abc_grow_fade_in_from_bottom
es.esy.pskovbus.pskovbus.R$anim: int abc_popup_enter
es.esy.pskovbus.pskovbus.R$anim: int abc_popup_exit
es.esy.pskovbus.pskovbus.R$anim: int abc_shrink_fade_out_from_bottom
es.esy.pskovbus.pskovbus.R$anim: int abc_slide_in_bottom
es.esy.pskovbus.pskovbus.R$anim: int abc_slide_in_top
es.esy.pskovbus.pskovbus.R$anim: int abc_slide_out_bottom
es.esy.pskovbus.pskovbus.R$anim: int abc_slide_out_top
es.esy.pskovbus.pskovbus.R$array: int cast_expanded_controller_default_control_buttons
es.esy.pskovbus.pskovbus.R$array: int cast_mini_controller_default_control_buttons
es.esy.pskovbus.pskovbus.R$attr: int MediaRouteControllerWindowBackground
es.esy.pskovbus.pskovbus.R$attr: int actionBarDivider
es.esy.pskovbus.pskovbus.R$attr: int actionBarItemBackground
es.esy.pskovbus.pskovbus.R$attr: int actionBarPopupTheme
es.esy.pskovbus.pskovbus.R$attr: int actionBarSize
es.esy.pskovbus.pskovbus.R$attr: int actionBarSplitStyle
es.esy.pskovbus.pskovbus.R$attr: int actionBarStyle
es.esy.pskovbus.pskovbus.R$attr: int actionBarTabBarStyle
es.esy.pskovbus.pskovbus.R$attr: int actionBarTabStyle
es.esy.pskovbus.pskovbus.R$attr: int actionBarTabTextStyle
es.esy.pskovbus.pskovbus.R$attr: int actionBarTheme
es.esy.pskovbus.pskovbus.R$attr: int actionBarWidgetTheme
es.esy.pskovbus.pskovbus.R$attr: int actionButtonStyle
es.esy.pskovbus.pskovbus.R$attr: int actionDropDownStyle
es.esy.pskovbus.pskovbus.R$attr: int actionLayout
es.esy.pskovbus.pskovbus.R$attr: int actionMenuTextAppearance
es.esy.pskovbus.pskovbus.R$attr: int actionMenuTextColor
es.esy.pskovbus.pskovbus.R$attr: int actionModeBackground
es.esy.pskovbus.pskovbus.R$attr: int actionModeCloseButtonStyle
es.esy.pskovbus.pskovbus.R$attr: int actionModeCloseDrawable
es.esy.pskovbus.pskovbus.R$attr: int actionModeCopyDrawable
es.esy.pskovbus.pskovbus.R$attr: int actionModeCutDrawable
es.esy.pskovbus.pskovbus.R$attr: int actionModeFindDrawable
es.esy.pskovbus.pskovbus.R$attr: int actionModePasteDrawable
es.esy.pskovbus.pskovbus.R$attr: int actionModePopupWindowStyle
es.esy.pskovbus.pskovbus.R$bool: int abc_action_bar_embed_tabs
es.esy.pskovbus.pskovbus.R$bool: int abc_allow_stacked_button_bar
es.esy.pskovbus.pskovbus.R$bool: int abc_config_actionMenuItemAllCaps
es.esy.pskovbus.pskovbus.R$bool: int abc_config_closeDialogWhenTouchOutside
es.esy.pskovbus.pskovbus.R$bool: int abc_config_showMenuShortcutsWhenKeyboardPresent
...
com.google.android.gms.drive.internal.OnChangesResponse
com.google.android.gms.drive.internal.OnChangesResponse: android.os.Parcelable$Creator CREATOR
com.google.android.gms.drive.internal.OnContentsResponse
com.google.android.gms.drive.internal.OnContentsResponse: android.os.Parcelable$Creator CREATOR
com.google.android.gms.drive.internal.OnDeviceUsagePreferenceResponse
com.google.android.gms.drive.internal.OnDeviceUsagePreferenceResponse: android.os.Parcelable$Creator CREATOR
com.google.android.gms.drive.internal.OnDownloadProgressResponse
com.google.android.gms.drive.internal.OnDownloadProgressResponse: android.os.Parcelable$Creator CREATOR
com.google.android.gms.drive.internal.OnDriveIdResponse
com.google.android.gms.drive.internal.OnDriveIdResponse: android.os.Parcelable$Creator CREATOR
com.google.android.gms.drive.internal.OnEventResponse
com.google.android.gms.drive.internal.OnEventResponse: android.os.Parcelable$Creator CREATOR
com.google.android.gms.drive.internal.OnFetchThumbnailResponse
com.google.android.gms.drive.internal.OnFetchThumbnailResponse: android.os.Parcelable$Creator CREATOR
com.google.android.gms.drive.internal.OnListEntriesResponse
com.google.android.gms.drive.internal.OnListEntriesResponse: android.os.Parcelable$Creator CREATOR
com.google.android.gms.drive.internal.OnListParentsResponse
com.google.android.gms.drive.internal.OnListParentsResponse: android.os.Parcelable$Creator CREATOR
com.google.android.gms.drive.internal.OnLoadRealtimeResponse
com.google.android.gms.drive.internal.OnLoadRealtimeResponse: android.os.Parcelable$Creator CREATOR
com.google.android.gms.drive.internal.OnMetadataResponse
com.google.android.gms.drive.internal.OnMetadataResponse: android.os.Parcelable$Creator CREATOR
com.google.android.gms.drive.internal.OnPinnedDownloadPreferencesResponse
com.google.android.gms.drive.internal.OnPinnedDownloadPreferencesResponse: android.os.Parcelable$Creator CREATOR
com.google.android.gms.drive.internal.OnResourceIdSetResponse
com.google.android.gms.drive.internal.OnResourceIdSetResponse: android.os.Parcelable$Creator CREATOR
com.google.android.gms.drive.internal.OnStartStreamSession
com.google.android.gms.drive.internal.OnStartStreamSession: android.os.Parcelable$Creator CREATOR
com.google.android.gms.drive.internal.OnSyncMoreResponse
com.google.android.gms.drive.internal.OnSyncMoreResponse: android.os.Parcelable$Creator CREATOR
com.google.android.gms.drive.internal.OpenContentsRequest
com.google.android.gms.drive.internal.OpenContentsRequest: android.os.Parcelable$Creator CREATOR
com.google.android.gms.drive.internal.OpenFileIntentSenderRequest
com.google.android.gms.drive.internal.OpenFileIntentSenderRequest: android.os.Parcelable$Creator CREATOR
com.google.android.gms.drive.internal.ParcelableTransferPreferences
com.google.android.gms.drive.internal.ParcelableTransferPreferences: android.os.Parcelable$Creator CREATOR
com.google.android.gms.drive.internal.QueryRequest
com.google.android.gms.drive.internal.QueryRequest: android.os.Parcelable$Creator CREATOR
com.google.android.gms.drive.internal.RemoveEventListenerRequest
com.google.android.gms.drive.internal.RemoveEventListenerRequest: android.os.Parcelable$Creator CREATOR
com.google.android.gms.drive.internal.RemovePermissionRequest
com.google.android.gms.drive.internal.RemovePermissionRequest: android.os.Parcelable$Creator CREATOR
com.google.android.gms.drive.internal.SetFileUploadPreferencesRequest
com.google.android.gms.drive.internal.SetFileUploadPreferencesRequest: android.os.Parcelable$Creator CREATOR
com.google.android.gms.drive.internal.SetPinnedDownloadPreferencesRequest
com.google.android.gms.drive.internal.SetPinnedDownloadPreferencesRequest: android.os.Parcelable$Creator CREATOR
com.google.android.gms.drive.internal.SetResourceParentsRequest
com.google.android.gms.drive.internal.SetResourceParentsRequest: android.os.Parcelable$Creator CREATOR