app/build/outputs/mapping/release/mapping.txt
es.esy.pskovbus.pskovbus.DataArrays -> es.esy.pskovbus.pskovbus.a:
    int[][] routePath -> a
    es.esy.pskovbus.pskovbus.Route[] routeArr -> b
    int[] routeNumbers -> c
    void <init>() -> <init>
    java.lang.String[][] getTimetableList(int,int) -> a
    java.lang.String[] getNearestTime(int,int,int,int) -> a
    java.lang.String[][] getTransitWay(es.esy.pskovbus.pskovbus.Stop,es.esy.pskovbus.pskovbus.Stop) -> a
    java.util.ArrayList checktransitionPath(es.esy.pskovbus.pskovbus.Stop,es.esy.pskovbus.pskovbus.Stop) -> b
    int getIndexObj(int) -> b
    int getStopPosition(int,int) -> b
    int check60(int,int) -> c
    java.lang.String timeTostring(int) -> c
    int check18(int) -> a
es.esy.pskovbus.pskovbus.ListStopActivity -> es.esy.pskovbus.pskovbus.ListStopActivity:
    java.lang.String[] stopnames -> m
    android.widget.ListView stoplistView -> n
    int stopId -> o
    android.content.SharedPreferences fav1 -> p
    int savefav1 -> q
    int savefav2 -> r
    int savefav3 -> s
    void <init>() -> <init>
    void onCreate(android.os.Bundle) -> onCreate
    java.lang.String[] getStopNameArr() -> k
    int getStopId(int) -> b
    void onClick(android.view.View) -> onClick
    void onItemClick(android.widget.AdapterView,android.view.View,int,long) -> onItemClick
    boolean onItemLongClick(android.widget.AdapterView,android.view.View,int,long) -> onItemLongClick
    void saveFavorite(int) -> c
    void loadFavorite() -> l
es.esy.pskovbus.pskovbus.MainActivity -> es.esy.pskovbus.pskovbus.MainActivity:
    android.widget.Button startDestination -> m
    android.widget.Button finalDestination -> n
    android.widget.Button changeTime -> o
    android.widget.Button openMap -> p
    android.widget.ImageButton favourite -> q
    android.widget.TextView timeTable -> r
    android.widget.TextView transitResult -> s
    android.widget.TextView finalStopName -> t
    android.widget.TextView startDestinationLabel -> u
    android.content.SharedPreferences fav1 -> v
    int savefav1 -> w
    int savefav2 -> x
    int savefav3 -> y
    int stopId -> z
    int finaldestId -> A
    java.lang.String[][] timetableList -> B
    int DIALOG_TIME -> C
    int myHour -> D
    int myMinute -> E
    int anotherTime -> F
    int buttonColor -> G
    int buttonClicked -> H
    java.util.ArrayList geopoints -> I
    android.app.TimePickerDialog$OnTimeSetListener myCallBack -> J
    void <init>() -> <init>
    void onCreate(android.os.Bundle) -> onCreate
    void onClick(android.view.View) -> onClick
    void addGeoPoint(int) -> c
    void setResult(int,int) -> a
    void setTransitresult(int,int) -> b
    void onActivityResult(int,int,android.content.Intent) -> onActivityResult
    java.lang.String transitToString(int) -> b
    android.app.Dialog onCreateDialog(int) -> onCreateDialog
    void loadFavorite() -> k
    void showPopupMenu(android.view.View) -> a
    void saveFavClick() -> l
    void clearClick() -> m
es.esy.pskovbus.pskovbus.MainActivity$1 -> es.esy.pskovbus.pskovbus.MainActivity$1:
    es.esy.pskovbus.pskovbus.MainActivity this$0 -> a
    void <init>(es.esy.pskovbus.pskovbus.MainActivity) -> <init>
    void onTimeSet(android.widget.TimePicker,int,int) -> onTimeSet
es.esy.pskovbus.pskovbus.MainActivity$2 -> es.esy.pskovbus.pskovbus.MainActivity$2:
    es.esy.pskovbus.pskovbus.MainActivity this$0 -> a
    void <init>(es.esy.pskovbus.pskovbus.MainActivity) -> <init>
    boolean onMenuItemClick(android.view.MenuItem) -> onMenuItemClick
es.esy.pskovbus.pskovbus.MapsActivity -> es.esy.pskovbus.pskovbus.MapsActivity:
    com.google.android.gms.maps.GoogleMap mMap -> n
    java.util.ArrayList geopoints -> m
    void <init>() -> <init>
    void onCreate(android.os.Bundle) -> onCreate
    void onMapReady(com.google.android.gms.maps.GoogleMap) -> a
es.esy.pskovbus.pskovbus.Route -> es.esy.pskovbus.pskovbus.b:
    void <init>() -> <init>
    int[][] getStopTimeTable() -> a
...
com.google.android.gms.measurement.internal.zzae$4 -> com.google.android.gms.measurement.internal.f$4:
    boolean avA -> a
    boolean avB -> b
    com.google.android.gms.measurement.internal.EventParcel auI -> c
    java.lang.String alm -> d
    com.google.android.gms.measurement.internal.zzae avz -> e
    void <init>(com.google.android.gms.measurement.internal.zzae,boolean,boolean,com.google.android.gms.measurement.internal.EventParcel,java.lang.String) -> <init>
    void run() -> run
com.google.android.gms.measurement.internal.zzae$5 -> com.google.android.gms.measurement.internal.f$5:
    boolean avB -> a
    com.google.android.gms.measurement.internal.UserAttributeParcel auK -> b
    com.google.android.gms.measurement.internal.zzae avz -> c
    void <init>(com.google.android.gms.measurement.internal.zzae,boolean,com.google.android.gms.measurement.internal.UserAttributeParcel) -> <init>
    void run() -> run
com.google.android.gms.measurement.internal.zzae$6 -> com.google.android.gms.measurement.internal.f$6:
    java.util.concurrent.atomic.AtomicReference avC -> a
    boolean avc -> b
    com.google.android.gms.measurement.internal.zzae avz -> c
    void <init>(com.google.android.gms.measurement.internal.zzae,java.util.concurrent.atomic.AtomicReference,boolean) -> <init>
    void run() -> run
com.google.android.gms.measurement.internal.zzae$7 -> com.google.android.gms.measurement.internal.f$7:
    com.google.android.gms.measurement.internal.zzae avz -> a
    void <init>(com.google.android.gms.measurement.internal.zzae) -> <init>
    void run() -> run
com.google.android.gms.measurement.internal.zzae$8 -> com.google.android.gms.measurement.internal.f$8:
    com.google.android.gms.measurement.AppMeasurement$zzf avD -> a
    com.google.android.gms.measurement.internal.zzae avz -> b
    void <init>(com.google.android.gms.measurement.internal.zzae,com.google.android.gms.measurement.AppMeasurement$zzf) -> <init>
    void run() -> run
com.google.android.gms.measurement.internal.zzae$zza -> com.google.android.gms.measurement.internal.f$a:
    boolean avE -> b
    com.google.android.gms.measurement.internal.zzp avF -> c
    com.google.android.gms.measurement.internal.zzae avz -> a
    void <init>(com.google.android.gms.measurement.internal.zzae) -> <init>
    void zzac(android.content.Intent) -> a
    void onServiceConnected(android.content.ComponentName,android.os.IBinder) -> onServiceConnected
    void onServiceDisconnected(android.content.ComponentName) -> onServiceDisconnected
    void zzbza() -> a
    void onConnected(android.os.Bundle) -> a
    void onConnectionSuspended(int) -> a
    void onConnectionFailed(com.google.android.gms.common.ConnectionResult) -> a
    boolean zza(com.google.android.gms.measurement.internal.zzae$zza,boolean) -> a
com.google.android.gms.measurement.internal.zzae$zza$1 -> com.google.android.gms.measurement.internal.f$a$1:
    com.google.android.gms.measurement.internal.zzm avG -> a
    com.google.android.gms.measurement.internal.zzae$zza avH -> b
    void <init>(com.google.android.gms.measurement.internal.zzae$zza,com.google.android.gms.measurement.internal.zzm) -> <init>
    void run() -> run
com.google.android.gms.measurement.internal.zzae$zza$2 -> com.google.android.gms.measurement.internal.f$a$2:
    android.content.ComponentName val$name -> a
    com.google.android.gms.measurement.internal.zzae$zza avH -> b
    void <init>(com.google.android.gms.measurement.internal.zzae$zza,android.content.ComponentName) -> <init>
    void run() -> run
com.google.android.gms.measurement.internal.zzae$zza$3 -> com.google.android.gms.measurement.internal.f$a$3:
    com.google.android.gms.measurement.internal.zzm avI -> a
    com.google.android.gms.measurement.internal.zzae$zza avH -> b
    void <init>(com.google.android.gms.measurement.internal.zzae$zza,com.google.android.gms.measurement.internal.zzm) -> <init>
    void run() -> run