app/build/outputs/mapping/release/usage.txt
es.esy.pskovbus.pskovbus.BuildConfig
es.esy.pskovbus.pskovbus.DataArrays:
    private static final java.lang.String TAG
es.esy.pskovbus.pskovbus.ListStopActivity:
    public static final java.lang.String FAVORITE1
    public static final java.lang.String FAVORITE2
    public static final java.lang.String FAVORITE3
    public static final java.lang.String FAVORITE_PREF
es.esy.pskovbus.pskovbus.MainActivity:
    public static final java.lang.String FAVORITE1
    public static final java.lang.String FAVORITE2
    public static final java.lang.String FAVORITE3
    public static final java.lang.String FAVORITE_PREF
    java.lang.String route
    private static final java.lang.String TAG
es.esy.pskovbus.pskovbus.Manifest
es.esy.pskovbus.pskovbus.Manifest$permission
es.esy.pskovbus.pskovbus.R
es.esy.pskovbus.pskovbus.R$anim
es.esy.pskovbus.pskovbus.R$array
es.esy.pskovbus.pskovbus.R$attr
es.esy.pskovbus.pskovbus.R$bool
es.esy.pskovbus.pskovbus.R$color
es.esy.pskovbus.pskovbus.R$dimen
es.esy.pskovbus.pskovbus.R$drawable
es.esy.pskovbus.pskovbus.R$id
es.esy.pskovbus.pskovbus.R$integer
es.esy.pskovbus.pskovbus.R$interpolator
es.esy.pskovbus.pskovbus.R$layout
es.esy.pskovbus.pskovbus.R$mipmap
es.esy.pskovbus.pskovbus.R$raw
es.esy.pskovbus.pskovbus.R$string
es.esy.pskovbus.pskovbus.R$style
es.esy.pskovbus.pskovbus.R$styleable
es.esy.pskovbus.pskovbus.Route:
    int[][] stopsTimetable
...
android.support.v4.app.FragmentHostCallback:
    58:59:public FragmentHostCallback(android.content.Context,android.os.Handler,int)
    public abstract java.lang.Object onGetHost()
    120:121:public void onStartActivityFromFragment(android.support.v4.app.Fragment,android.content.Intent,int)
    143:149:public void onStartIntentSenderFromFragment(android.support.v4.app.Fragment,android.content.IntentSender,int,android.content.Intent,int,int,int,android.os.Bundle)
    157:157:public void onRequestPermissionsFromFragment(android.support.v4.app.Fragment,java.lang.String[],int)
    164:164:public boolean onShouldShowRequestPermissionRationale(java.lang.String)
    274:278:void doLoaderRetain()
android.support.v4.app.FragmentManager:
    public static final int POP_BACK_STACK_INCLUSIVE
    158:158:public android.support.v4.app.FragmentTransaction openTransaction()
    public abstract boolean executePendingTransactions()
    public abstract void popBackStack()
    public abstract void popBackStack(java.lang.String,int)
    public abstract boolean popBackStackImmediate(java.lang.String,int)
    public abstract boolean popBackStackImmediate(int,int)
    public abstract int getBackStackEntryCount()
    public abstract android.support.v4.app.FragmentManager$BackStackEntry getBackStackEntryAt(int)
    public abstract void addOnBackStackChangedListener(android.support.v4.app.FragmentManager$OnBackStackChangedListener)
    public abstract void removeOnBackStackChangedListener(android.support.v4.app.FragmentManager$OnBackStackChangedListener)
    public abstract void putFragment(android.os.Bundle,java.lang.String,android.support.v4.app.Fragment)
    public abstract android.support.v4.app.Fragment getFragment(android.os.Bundle,java.lang.String)
    public abstract java.util.List getFragments()
    public abstract android.support.v4.app.Fragment$SavedState saveFragmentInstanceState(android.support.v4.app.Fragment)
    public abstract boolean isDestroyed()
    373:374:public static void enableDebugLogging(boolean)
android.support.v4.app.FragmentManager$BackStackEntry
android.support.v4.app.FragmentManagerImpl:
    static final java.lang.String TAG
    static final java.lang.String TARGET_REQUEST_CODE_STATE_TAG
    static final java.lang.String TARGET_STATE_TAG
    static final java.lang.String VIEW_STATE_TAG
    static final java.lang.String USER_VISIBLE_HINT_TAG
    android.support.v4.app.FragmentController mController
    static final int ANIM_DUR
    public static final int ANIM_STYLE_OPEN_ENTER
    public static final int ANIM_STYLE_OPEN_EXIT
    public static final int ANIM_STYLE_CLOSE_ENTER
    public static final int ANIM_STYLE_CLOSE_EXIT
    public static final int ANIM_STYLE_FADE_ENTER
    public static final int ANIM_STYLE_FADE_EXIT
    594:599:public void popBackStack()
    610:615:public void popBackStack(java.lang.String,int)
    619:621:public boolean popBackStackImmediate(java.lang.String,int)
    638:643:public boolean popBackStackImmediate(int,int)
    648:648:public int getBackStackEntryCount()
    653:653:public android.support.v4.app.FragmentManager$BackStackEntry getBackStackEntryAt(int)
    658:662:public void addOnBackStackChangedListener(android.support.v4.app.FragmentManager$OnBackStackChangedListener)
    666:669:public void removeOnBackStackChangedListener(android.support.v4.app.FragmentManager$OnBackStackChangedListener)
    700:700:public java.util.List getFragments()
    705:713:public android.support.v4.app.Fragment$SavedState saveFragmentInstanceState(android.support.v4.app.Fragment)
android.support.v4.app.FragmentManagerImpl$2
android.support.v4.app.FragmentManagerImpl$3
android.support.v4.app.FragmentManagerImpl$FragmentTag:
    public static final int Fragment_id
    public static final int Fragment_name
    public static final int Fragment_tag
    2462:2462:FragmentManagerImpl$FragmentTag()
android.support.v4.app.FragmentPagerAdapter
android.support.v4.app.FragmentStatePagerAdapter